<?xml version="1.0" encoding="UTF-8"?>
<testsuite xmlns:xsi="http://www.w3.org/2001/XMLSchema-instance" xsi:noNamespaceSchemaLocation="https://maven.apache.org/surefire/maven-surefire-plugin/xsd/surefire-test-report.xsd" name="com.junit.test.LoginTest" time="0.042" tests="2" errors="0" skipped="0" failures="2">
  <properties>
[...]
</properties>
  <testcase name="testLogin" classname="com.junit.test.LoginTest" time="0.036">
    <failure message="expected: java.lang.Boolean@4c15e7fd&lt;true&gt; but was: java.util.concurrent.atomic.AtomicBoolean@23986957&lt;true&gt;" type="org.opentest4j.AssertionFailedError"><![CDATA[org.opentest4j.AssertionFailedError: expected: java.lang.Boolean@4c15e7fd<true> but was: java.util.concurrent.atomic.AtomicBoolean@23986957<true>
	at com.junit.test.LoginTest.testLogin(LoginTest.java:23)
]]></failure>
  </testcase>
  <testcase name="testWrongLogin" classname="com.junit.test.LoginTest" time="0">
    <failure message="expected: java.lang.Boolean@4e91d63f&lt;false&gt; but was: java.util.concurrent.atomic.AtomicBoolean@d4342c2&lt;false&gt;" type="org.opentest4j.AssertionFailedError"><![CDATA[org.opentest4j.AssertionFailedError: expected: java.lang.Boolean@4e91d63f<false> but was: java.util.concurrent.atomic.AtomicBoolean@d4342c2<false>
	at com.junit.test.LoginTest.testWrongLogin(LoginTest.java:29)
]]></failure>
  </testcase>
</testsuite>